<?xml version="1.0" encoding="UTF-8"?>
<!-- Generated by org.testng.reporters.JUnitReportReporter -->
<testsuite ignored="0" hostname="knoldus-Vostro-3559" failures="0" tests="1" name="com.knoldus.automation.codesquad.Runner.TestRunner" time="0.291" errors="0" timestamp="27 Apr 2020 12:19:35 GMT" skipped="0">
  <testcase classname="com.knoldus.automation.codesquad.Runner.TestRunner" name="feature" time="0.291"/>
</testsuite> <!-- com.knoldus.automation.codesquad.Runner.TestRunner -->
