<?xml version="1.0" encoding="UTF-8"?>
<!-- Generated by org.testng.reporters.JUnitReportReporter -->
<testsuite ignored="0" hostname="knoldus-Vostro-3559" failures="0" tests="1" name="runner.TestRunner" time="39.502" errors="0" timestamp="30 Apr 2020 17:21:44 GMT" skipped="0">
  <testcase classname="runner.TestRunner" name="feature" time="39.502"/>
</testsuite> <!-- runner.TestRunner -->
