<?xml version="1.0" encoding="UTF-8"?>
<!-- Generated by org.testng.reporters.JUnitReportReporter -->
<testsuite ignored="0" hostname="knoldus-Vostro-3559" failures="0" tests="1" name="runner.TestRunner" time="32.929" errors="0" timestamp="25 May 2020 11:01:40 GMT" skipped="0">
  <testcase classname="runner.TestRunner" name="feature" time="32.929"/>
</testsuite> <!-- runner.TestRunner -->
