<?xml version="1.0" encoding="UTF-8"?>
<!-- Generated by org.testng.reporters.JUnitReportReporter -->
<testsuite ignored="0" hostname="knoldus-Vostro-3559" failures="0" tests="1" name="runner.TestRunner" time="0.351" errors="0" timestamp="27 Apr 2020 18:29:05 GMT" skipped="0">
  <testcase classname="runner.TestRunner" name="feature" time="0.351"/>
</testsuite> <!-- runner.TestRunner -->
